
Showing logs for build [32mcb-kubecd-bdd-ghfjxy-1568386957-c4b4v-1[0m stage [32mmeta-pipeline[0m and container [32mstep-credential-initializer-pn28t[0m
{"level":"warn","ts":1568387712.8644834,"logger":"fallback-logger","caller":"logging/config.go:69","msg":"Fetch GitHub commit ID from kodata failed: \"ref: refs/heads/master\" is not a valid GitHub commit ID"}
{"level":"info","ts":1568387712.865299,"logger":"fallback-logger","caller":"creds-init/main.go:40","msg":"Credentials initialized."}

Showing logs for build [32mcb-kubecd-bdd-ghfjxy-1568386957-c4b4v-1[0m stage [32mmeta-pipeline[0m and container [32mstep-working-dir-initializer-k4tzs[0m
{"level":"warn","ts":1568387713.8434243,"logger":"fallback-logger","caller":"logging/config.go:69","msg":"Fetch GitHub commit ID from kodata failed: open /var/run/ko/HEAD: no such file or directory"}
{"level":"info","ts":1568387713.84538,"logger":"fallback-logger","caller":"bash/main.go:65","msg":"Successfully executed command \"mkdir -p /workspace/source\""}

Showing logs for build [32mcb-kubecd-bdd-ghfjxy-1568386957-c4b4v-1[0m stage [32mmeta-pipeline[0m and container [32mstep-place-tools[0m

Showing logs for build [32mcb-kubecd-bdd-ghfjxy-1568386957-c4b4v-1[0m stage [32mmeta-pipeline[0m and container [32mstep-git-source-meta-cb-kubecd-bdd-ghfjxy-15683-w49f2[0m
{"level":"warn","ts":1568387738.894709,"logger":"fallback-logger","caller":"logging/config.go:69","msg":"Fetch GitHub commit ID from kodata failed: \"ref: refs/heads/master\" is not a valid GitHub commit ID"}
{"level":"info","ts":1568387739.975272,"logger":"fallback-logger","caller":"git/git.go:102","msg":"Successfully cloned https://github.com/cb-kubecd/bdd-ghf**y-1568386957.git @ 1622452eb95bb2e07b847143b6953e7e26af56a7 in path /workspace/source"}

Showing logs for build [32mcb-kubecd-bdd-ghfjxy-1568386957-c4b4v-1[0m stage [32mmeta-pipeline[0m and container [32mstep-git-merge[0m
Using SHAs from PULL_REFS=master:1622452eb95bb2e07b847143b6953e7e26af56a7,1:262c4f709bf6b737f291baf1827d552f6042e864
DEBUG: ran git fetch --unshallow origin 262c4f709bf6b737f291baf1827d552f6042e864: 1622452eb95bb2e07b847143b6953e7e26af56a7: in 
DEBUG: ran git checkout master in 
DEBUG: ran git reset --hard 1622452eb95bb2e07b847143b6953e7e26af56a7 in 
DEBUG: ran clean --force -d . in 
DEBUG: ran git merge 262c4f709bf6b737f291baf1827d552f6042e864 in 
Merged SHA 262c4f709bf6b737f291baf1827d552f6042e864 with commit message 'My first PR commit' into base branch master

Showing logs for build [32mcb-kubecd-bdd-ghfjxy-1568386957-c4b4v-1[0m stage [32mmeta-pipeline[0m and container [32mstep-merge-pull-refs[0m
DEBUG: ran git fetch origin 262c4f709bf6b737f291baf1827d552f6042e864: 1622452eb95bb2e07b847143b6953e7e26af56a7: in 
DEBUG: Unshallowed git repo in 
DEBUG: ran git checkout master in 
DEBUG: ran git reset --hard 1622452eb95bb2e07b847143b6953e7e26af56a7 in 
DEBUG: ran clean --force -d . in 
DEBUG: ran git merge 262c4f709bf6b737f291baf1827d552f6042e864 in 
Merged SHA 262c4f709bf6b737f291baf1827d552f6042e864 with commit message 'My first PR commit' into base branch master

Showing logs for build [32mcb-kubecd-bdd-ghfjxy-1568386957-c4b4v-1[0m stage [32mmeta-pipeline[0m and container [32mstep-create-effective-pipeline[0m
Deleting and cloning the Jenkins X versions repo
Cloning the Jenkins X versions repo https://github.com/jenkins-x/jenkins-x-versions.git with ref refs/heads/master to /builder/home/.**/jenkins-x-versions
performing pack detection in folder /workspace/source
--> Draft detected YAML (67.752116%)
--> Could not find a pack for YAML. Trying to find the next likely language match...
--> Draft detected RPM Spec (14.854397%)
--> Could not find a pack for RPM Spec. Trying to find the next likely language match...
--> Draft detected Coq (6.799598%)
--> Could not find a pack for Coq. Trying to find the next likely language match...
--> Draft detected Smarty (3.701047%)
--> Could not find a pack for Smarty. Trying to find the next likely language match...
--> Draft detected Go (2.904892%)
selected pack: /builder/home/.**/draft/packs/github.com/jenkins-x-buildpacks/jenkins-x-kubernetes/packs/go
Effective pipeline written to jenkins-x-serverless-jenkins-effective.yml

Showing logs for build [32mcb-kubecd-bdd-ghfjxy-1568386957-c4b4v-1[0m stage [32mmeta-pipeline[0m and container [32mstep-create-tekton-crds[0m
PipelineActivity for cb-kubecd-bdd-ghf**y-1568386957-PR-1-1
Applying changes 
upserted PipelineResource cb-kubecd-bdd-ghf**y-1568386957 for the git repository https://github.com/cb-kubecd/bdd-ghf**y-1568386957.git
upserted Task cb-kubecd-bdd-ghf**y-1568386957-c4b4v-run-make-1
upserted Task cb-kubecd-bdd-ghf**y-1568386957-c4b4v-everything-else-1
upserted Pipeline cb-kubecd-bdd-ghf**y-1568386957-c4b4v-1
created PipelineRun cb-kubecd-bdd-ghf**y-1568386957-c4b4v-1
created PipelineStructure cb-kubecd-bdd-ghf**y-1568386957-c4b4v-1

Showing logs for build [32mcb-kubecd-bdd-ghfjxy-1568386957-c4b4v-1[0m stage [32mrun-make[0m and container [32mstep-credential-initializer-mdnxg[0m
{"level":"warn","ts":1568387765.161132,"logger":"fallback-logger","caller":"logging/config.go:69","msg":"Fetch GitHub commit ID from kodata failed: \"ref: refs/heads/master\" is not a valid GitHub commit ID"}
{"level":"info","ts":1568387765.1615324,"logger":"fallback-logger","caller":"creds-init/main.go:40","msg":"Credentials initialized."}

Showing logs for build [32mcb-kubecd-bdd-ghfjxy-1568386957-c4b4v-1[0m stage [32mrun-make[0m and container [32mstep-working-dir-initializer-rdz82[0m
{"level":"warn","ts":1568387766.1701136,"logger":"fallback-logger","caller":"logging/config.go:69","msg":"Fetch GitHub commit ID from kodata failed: open /var/run/ko/HEAD: no such file or directory"}
{"level":"info","ts":1568387766.17292,"logger":"fallback-logger","caller":"bash/main.go:65","msg":"Successfully executed command \"mkdir -p /workspace/source\""}

Showing logs for build [32mcb-kubecd-bdd-ghfjxy-1568386957-c4b4v-1[0m stage [32mrun-make[0m and container [32mstep-place-tools[0m

Showing logs for build [32mcb-kubecd-bdd-ghfjxy-1568386957-c4b4v-1[0m stage [32mrun-make[0m and container [32mstep-git-source-cb-kubecd-bdd-ghfjxy-1568386957-vnnx5[0m
{"level":"warn","ts":1568387833.3881333,"logger":"fallback-logger","caller":"logging/config.go:69","msg":"Fetch GitHub commit ID from kodata failed: \"ref: refs/heads/master\" is not a valid GitHub commit ID"}
{"level":"info","ts":1568387834.5148244,"logger":"fallback-logger","caller":"git/git.go:102","msg":"Successfully cloned https://github.com/cb-kubecd/bdd-ghf**y-1568386957.git @ master in path /workspace/source"}

Showing logs for build [32mcb-kubecd-bdd-ghfjxy-1568386957-c4b4v-1[0m stage [32mrun-make[0m and container [32mstep-git-merge[0m
Using SHAs from PULL_REFS=master:1622452eb95bb2e07b847143b6953e7e26af56a7,1:262c4f709bf6b737f291baf1827d552f6042e864
DEBUG: ran git fetch --unshallow origin 262c4f709bf6b737f291baf1827d552f6042e864: 1622452eb95bb2e07b847143b6953e7e26af56a7: in 
DEBUG: ran git checkout master in 
DEBUG: ran git reset --hard 1622452eb95bb2e07b847143b6953e7e26af56a7 in 
DEBUG: ran clean --force -d . in 
DEBUG: ran git merge 262c4f709bf6b737f291baf1827d552f6042e864 in 
Merged SHA 262c4f709bf6b737f291baf1827d552f6042e864 with commit message 'My first PR commit' into base branch master

Showing logs for build [32mcb-kubecd-bdd-ghfjxy-1568386957-c4b4v-1[0m stage [32mrun-make[0m and container [32mstep-build-make-linux[0m
CGO_ENABLED=0 GOOS=linux GOARCH=amd64 GO15VENDOREXPERIMENT=1 go build -ldflags '' -o bin/bdd-ghf**y-1568386957 main.go

Showing logs for build [32mcb-kubecd-bdd-ghfjxy-1568386957-c4b4v-1[0m stage [32mrun-make[0m and container [32mstep-source-mkdir-cb-kubecd-bdd-ghfjxy-1568386957-8xn2z[0m
{"level":"warn","ts":1568387843.4769528,"logger":"fallback-logger","caller":"logging/config.go:69","msg":"Fetch GitHub commit ID from kodata failed: open /var/run/ko/HEAD: no such file or directory"}
{"level":"info","ts":1568387843.4976118,"logger":"fallback-logger","caller":"bash/main.go:65","msg":"Successfully executed command \"mkdir -p /pvc/run-make/workspace\""}

Showing logs for build [32mcb-kubecd-bdd-ghfjxy-1568386957-c4b4v-1[0m stage [32mrun-make[0m and container [32mstep-source-copy-cb-kubecd-bdd-ghfjxy-1568386957-qxftv[0m
{"level":"warn","ts":1568387843.8331523,"logger":"fallback-logger","caller":"logging/config.go:69","msg":"Fetch GitHub commit ID from kodata failed: open /var/run/ko/HEAD: no such file or directory"}
{"level":"info","ts":1568387843.8500347,"logger":"fallback-logger","caller":"bash/main.go:65","msg":"Successfully executed command \"cp -r /workspace/source/. /pvc/run-make/workspace\""}

Showing logs for build [32mcb-kubecd-bdd-ghfjxy-1568386957-c4b4v-1[0m stage [32meverything-else[0m and container [32mstep-credential-initializer-lr9kb[0m
{"level":"warn","ts":1568387879.5116196,"logger":"fallback-logger","caller":"logging/config.go:69","msg":"Fetch GitHub commit ID from kodata failed: \"ref: refs/heads/master\" is not a valid GitHub commit ID"}
{"level":"info","ts":1568387879.5123646,"logger":"fallback-logger","caller":"creds-init/main.go:40","msg":"Credentials initialized."}

Showing logs for build [32mcb-kubecd-bdd-ghfjxy-1568386957-c4b4v-1[0m stage [32meverything-else[0m and container [32mstep-working-dir-initializer-vjxpv[0m
{"level":"warn","ts":1568387880.4663475,"logger":"fallback-logger","caller":"logging/config.go:69","msg":"Fetch GitHub commit ID from kodata failed: open /var/run/ko/HEAD: no such file or directory"}
{"level":"info","ts":1568387880.4700184,"logger":"fallback-logger","caller":"bash/main.go:65","msg":"Successfully executed command \"mkdir -p /workspace/source /workspace/source/charts/preview\""}

Showing logs for build [32mcb-kubecd-bdd-ghfjxy-1568386957-c4b4v-1[0m stage [32meverything-else[0m and container [32mstep-place-tools[0m

Showing logs for build [32mcb-kubecd-bdd-ghfjxy-1568386957-c4b4v-1[0m stage [32meverything-else[0m and container [32mstep-create-dir-workspace-vvj8k[0m
{"level":"warn","ts":1568387886.6354535,"logger":"fallback-logger","caller":"logging/config.go:69","msg":"Fetch GitHub commit ID from kodata failed: open /var/run/ko/HEAD: no such file or directory"}
{"level":"info","ts":1568387886.6384501,"logger":"fallback-logger","caller":"bash/main.go:65","msg":"Successfully executed command \"mkdir -p /workspace/source\""}

Showing logs for build [32mcb-kubecd-bdd-ghfjxy-1568386957-c4b4v-1[0m stage [32meverything-else[0m and container [32mstep-source-copy-workspace-nvszq[0m
{"level":"warn","ts":1568387886.9695632,"logger":"fallback-logger","caller":"logging/config.go:69","msg":"Fetch GitHub commit ID from kodata failed: open /var/run/ko/HEAD: no such file or directory"}
{"level":"info","ts":1568387887.294071,"logger":"fallback-logger","caller":"bash/main.go:65","msg":"Successfully executed command \"cp -r /pvc/run-make/workspace/. /workspace/source\""}

Showing logs for build [32mcb-kubecd-bdd-ghfjxy-1568386957-c4b4v-1[0m stage [32meverything-else[0m and container [32mstep-build-container-build[0m
[36mINFO[0m[0000] No base image, nothing to extract            
[36mINFO[0m[0000] cmd: EXPOSE                                  
[36mINFO[0m[0000] Adding exposed port: 8080/tcp                
[36mINFO[0m[0000] Using files from context: [/workspace/source/bin] 
[36mINFO[0m[0000] Skipping unpacking as no commands require it. 
[36mINFO[0m[0000] Taking snapshot of full filesystem...        
[36mINFO[0m[0000] EXPOSE 8080                                  
[36mINFO[0m[0000] cmd: EXPOSE                                  
[36mINFO[0m[0000] Adding exposed port: 8080/tcp                
[36mINFO[0m[0000] No files changed in this command, skipping snapshotting. 
[36mINFO[0m[0000] ENTRYPOINT ["/bdd-ghf**y-1568386957"]        
[36mINFO[0m[0000] No files changed in this command, skipping snapshotting. 
[36mINFO[0m[0000] Using files from context: [/workspace/source/bin] 
[36mINFO[0m[0000] COPY ./bin/ /                                
[36mINFO[0m[0000] Taking snapshot of files...                  
2019/09/13 15:18:12 pushed blob: sha256:d486e1fd40f796ffad170993ab024bb6401eb5b84d5c6ae39a30d866fc96095d
2019/09/13 15:18:12 pushed blob: sha256:f2bc9489217edc3e90c188f8703389c7ae3c5c03b2031c7b1cbc4e5267bae358
2019/09/13 15:18:13 gcr.io/jenkins-x-bdd3/bdd-ghf**y-1568386957:0.0.0-SNAPSHOT-PR-1-1: digest: sha256:5d388173da79cf4413eb537479c4cfeeea4f1a4d50e8fe250bb95a9e3dbe6e8a size: 428

Showing logs for build [32mcb-kubecd-bdd-ghfjxy-1568386957-c4b4v-1[0m stage [32meverything-else[0m and container [32mstep-postbuild-post-build[0m
no CVE provider running in the current ** namespace so skip adding image to be analysed

Showing logs for build [32mcb-kubecd-bdd-ghfjxy-1568386957-c4b4v-1[0m stage [32meverything-else[0m and container [32mstep-promote-make-preview[0m
sed -i -e "s/version:.*/version: 0.0.0-SNAPSHOT-PR-1-1/" Chart.yaml
sed -i -e "s/version:.*/version: 0.0.0-SNAPSHOT-PR-1-1/" ../*/Chart.yaml
sed -i -e "s|repository:.*|repository: gcr.io\/jenkins-x-bdd3\/bdd-ghf**y-1568386957|" values.yaml
sed -i -e "s/tag:.*/tag: 0.0.0-SNAPSHOT-PR-1-1/" values.yaml
echo "  version: 0.0.0-SNAPSHOT-PR-1-1" >> requirements.yaml
** step helm build
WARNING: No $CHART_REPOSITORY defined so using the default value of: http://jenkins-x-chartmuseum:8080
Adding missing Helm repo: storage.googleapis.com https://storage.googleapis.com/chartmuseum.jenkins-x.io
Successfully added Helm repository storage.googleapis.com.
Adding missing Helm repo: jenkins-x-chartmuseum http://jenkins-x-chartmuseum:8080
Successfully added Helm repository jenkins-x-chartmuseum.
WARNING: No $CHART_REPOSITORY defined so using the default value of: http://jenkins-x-chartmuseum:8080
Adding missing Helm repo: chartmuseum.jenkins-x.io http://chartmuseum.jenkins-x.io
Successfully added Helm repository chartmuseum.jenkins-x.io.

Showing logs for build [32mcb-kubecd-bdd-ghfjxy-1568386957-c4b4v-1[0m stage [32meverything-else[0m and container [32mstep-promote-jx-preview[0m
Creating a preview
WARNING: No author for commit: 262c4f709bf6b737f291baf1827d552f6042e864
Created environment cb-kubecd-bdd-ghf**y-1568386957-pr-1
Namespace **-cb-kubecd-bdd-ghf**y-1568386957-pr-1 created 
expose:
  Annotations:
    helm.sh/hook: post-install,post-upgrade
    helm.sh/hook-delete-policy: hook-succeeded
  config:
    domain: 35.241.246.217.nip.io
    exposer: Ingress
    http: "true"
preview:
  image:
    repository: gcr.io/jenkins-x-bdd3/bdd-ghf**y-1568386957
    tag: 0.0.0-SNAPSHOT-PR-1-1
Deleting and cloning the Jenkins X versions repo
Cloning the Jenkins X versions repo https://github.com/jenkins-x/jenkins-x-versions.git with ref refs/heads/master to /builder/home/.**/jenkins-x-versions


Updating PipelineActivities cb-kubecd-bdd-ghf**y-1568386957-pr-1-1 which has status Running
WARNING: preview application http://bdd-ghf**y-1568386957.**-cb-kubecd-bdd-ghf**y-1568386957-pr-1.35.241.246.217.nip.io not available, error was 503 503 Service Temporarily Unavailable, delaying for: 1.252573036s
WARNING: preview application http://bdd-ghf**y-1568386957.**-cb-kubecd-bdd-ghf**y-1568386957-pr-1.35.241.246.217.nip.io not available, error was 503 503 Service Temporarily Unavailable, delaying for: 1.795078749s
Preview application is now available at: http://bdd-ghf**y-1568386957.**-cb-kubecd-bdd-ghf**y-1568386957-pr-1.35.241.246.217.nip.io
